c:\users\brent\onedrive\documents\visual studio 2015\projects\hornig_final\hornig_final\debug\hornig_final.pch
c:\users\brent\onedrive\documents\visual studio 2015\projects\hornig_final\hornig_final\debug\vc140.pdb
c:\users\brent\onedrive\documents\visual studio 2015\projects\hornig_final\hornig_final\debug\vc140.idb
c:\users\brent\onedrive\documents\visual studio 2015\projects\hornig_final\hornig_final\debug\stdafx.obj
c:\users\brent\onedrive\documents\visual studio 2015\projects\hornig_final\hornig_final\debug\hornig_final.obj
c:\users\brent\onedrive\documents\visual studio 2015\projects\hornig_final\debug\hornig_final.ilk
c:\users\brent\onedrive\documents\visual studio 2015\projects\hornig_final\debug\hornig_final.exe
c:\users\brent\onedrive\documents\visual studio 2015\projects\hornig_final\debug\hornig_final.pdb
c:\users\brent\desktop\hornig_final\hornig_final\debug\hornig_final.obj
c:\users\brent\desktop\hornig_final\hornig_final\debug\stdafx.obj
c:\users\brent\desktop\hornig_final\hornig_final\debug\hornig_final.pch
c:\users\brent\desktop\hornig_final\hornig_final\debug\vc140.idb
c:\users\brent\desktop\hornig_final\hornig_final\debug\vc140.pdb
c:\users\brent\desktop\hornig_final\debug\hornig_final.pdb
c:\users\brent\desktop\hornig_final\debug\hornig_final.exe
c:\users\brent\desktop\hornig_final\debug\hornig_final.ilk
c:\users\brent\desktop\hornig_final\hornig_final\debug\hornig_final.tlog\cl.command.1.tlog
c:\users\brent\desktop\hornig_final\hornig_final\debug\hornig_final.tlog\cl.read.1.tlog
c:\users\brent\desktop\hornig_final\hornig_final\debug\hornig_final.tlog\cl.write.1.tlog
c:\users\brent\desktop\hornig_final\hornig_final\debug\hornig_final.tlog\link.command.1.tlog
c:\users\brent\desktop\hornig_final\hornig_final\debug\hornig_final.tlog\link.read.1.tlog
c:\users\brent\desktop\hornig_final\hornig_final\debug\hornig_final.tlog\link.write.1.tlog
